This is pdfTeX, Version 3.1415926-2.4-1.40.13 (TeX Live 2012) (format=pdflatex 2012.6.30)  27 APR 2013 14:05
entering extended mode
 restricted \write18 enabled.
 %&-line parsing enabled.
**Main.tex
(./Main.tex
LaTeX2e <2011/06/27>
Babel <v3.8m> and hyphenation patterns for english, dumylang, nohyphenation, ge
rman-x-2012-05-30, ngerman-x-2012-05-30, afrikaans, ancientgreek, ibycus, arabi
c, armenian, basque, bulgarian, catalan, pinyin, coptic, croatian, czech, danis
h, dutch, ukenglish, usenglishmax, esperanto, estonian, ethiopic, farsi, finnis
h, french, friulan, galician, german, ngerman, swissgerman, monogreek, greek, h
ungarian, icelandic, assamese, bengali, gujarati, hindi, kannada, malayalam, ma
rathi, oriya, panjabi, tamil, telugu, indonesian, interlingua, irish, italian, 
kurmanji, latin, latvian, lithuanian, mongolian, mongolianlmc, bokmal, nynorsk,
 polish, portuguese, romanian, romansh, russian, sanskrit, serbian, serbianc, s
lovak, slovenian, spanish, swedish, turkish, turkmen, ukrainian, uppersorbian, 
welsh, loaded.
(/usr/local/texlive/2012/texmf-dist/tex/latex/base/article.cls
Document Class: article 2007/10/19 v1.4h Standard LaTeX document class
(/usr/local/texlive/2012/texmf-dist/tex/latex/base/size12.clo
File: size12.clo 2007/10/19 v1.4h Standard LaTeX file (size option)
)
\c@part=\count79
\c@section=\count80
\c@subsection=\count81
\c@subsubsection=\count82
\c@paragraph=\count83
\c@subparagraph=\count84
\c@figure=\count85
\c@table=\count86
\abovecaptionskip=\skip41
\belowcaptionskip=\skip42
\bibindent=\dimen102
)
(/usr/local/texlive/2012/texmf-dist/tex/latex/base/fontenc.sty
Package: fontenc 2005/09/27 v1.99g Standard LaTeX package

(/usr/local/texlive/2012/texmf-dist/tex/latex/base/t1enc.def
File: t1enc.def 2005/09/27 v1.99g Standard LaTeX file
LaTeX Font Info:    Redeclaring font encoding T1 on input line 43.
))
(/usr/local/texlive/2012/texmf-dist/tex/latex/base/inputenc.sty
Package: inputenc 2008/03/30 v1.1d Input encoding file
\inpenc@prehook=\toks14
\inpenc@posthook=\toks15

(/usr/local/texlive/2012/texmf-dist/tex/latex/base/utf8.def
File: utf8.def 2008/04/05 v1.1m UTF-8 support for inputenc
Now handling font encoding OML ...
... no UTF-8 mapping file for font encoding OML
Now handling font encoding T1 ...
... processing UTF-8 mapping file for font encoding T1

(/usr/local/texlive/2012/texmf-dist/tex/latex/base/t1enc.dfu
File: t1enc.dfu 2008/04/05 v1.1m UTF-8 support for inputenc
   defining Unicode char U+00A1 (decimal 161)
   defining Unicode char U+00A3 (decimal 163)
   defining Unicode char U+00AB (decimal 171)
   defining Unicode char U+00BB (decimal 187)
   defining Unicode char U+00BF (decimal 191)
   defining Unicode char U+00C0 (decimal 192)
   defining Unicode char U+00C1 (decimal 193)
   defining Unicode char U+00C2 (decimal 194)
   defining Unicode char U+00C3 (decimal 195)
   defining Unicode char U+00C4 (decimal 196)
   defining Unicode char U+00C5 (decimal 197)
   defining Unicode char U+00C6 (decimal 198)
   defining Unicode char U+00C7 (decimal 199)
   defining Unicode char U+00C8 (decimal 200)
   defining Unicode char U+00C9 (decimal 201)
   defining Unicode char U+00CA (decimal 202)
   defining Unicode char U+00CB (decimal 203)
   defining Unicode char U+00CC (decimal 204)
   defining Unicode char U+00CD (decimal 205)
   defining Unicode char U+00CE (decimal 206)
   defining Unicode char U+00CF (decimal 207)
   defining Unicode char U+00D0 (decimal 208)
   defining Unicode char U+00D1 (decimal 209)
   defining Unicode char U+00D2 (decimal 210)
   defining Unicode char U+00D3 (decimal 211)
   defining Unicode char U+00D4 (decimal 212)
   defining Unicode char U+00D5 (decimal 213)
   defining Unicode char U+00D6 (decimal 214)
   defining Unicode char U+00D8 (decimal 216)
   defining Unicode char U+00D9 (decimal 217)
   defining Unicode char U+00DA (decimal 218)
   defining Unicode char U+00DB (decimal 219)
   defining Unicode char U+00DC (decimal 220)
   defining Unicode char U+00DD (decimal 221)
   defining Unicode char U+00DE (decimal 222)
   defining Unicode char U+00DF (decimal 223)
   defining Unicode char U+00E0 (decimal 224)
   defining Unicode char U+00E1 (decimal 225)
   defining Unicode char U+00E2 (decimal 226)
   defining Unicode char U+00E3 (decimal 227)
   defining Unicode char U+00E4 (decimal 228)
   defining Unicode char U+00E5 (decimal 229)
   defining Unicode char U+00E6 (decimal 230)
   defining Unicode char U+00E7 (decimal 231)
   defining Unicode char U+00E8 (decimal 232)
   defining Unicode char U+00E9 (decimal 233)
   defining Unicode char U+00EA (decimal 234)
   defining Unicode char U+00EB (decimal 235)
   defining Unicode char U+00EC (decimal 236)
   defining Unicode char U+00ED (decimal 237)
   defining Unicode char U+00EE (decimal 238)
   defining Unicode char U+00EF (decimal 239)
   defining Unicode char U+00F0 (decimal 240)
   defining Unicode char U+00F1 (decimal 241)
   defining Unicode char U+00F2 (decimal 242)
   defining Unicode char U+00F3 (decimal 243)
   defining Unicode char U+00F4 (decimal 244)
   defining Unicode char U+00F5 (decimal 245)
   defining Unicode char U+00F6 (decimal 246)
   defining Unicode char U+00F8 (decimal 248)
   defining Unicode char U+00F9 (decimal 249)
   defining Unicode char U+00FA (decimal 250)
   defining Unicode char U+00FB (decimal 251)
   defining Unicode char U+00FC (decimal 252)
   defining Unicode char U+00FD (decimal 253)
   defining Unicode char U+00FE (decimal 254)
   defining Unicode char U+00FF (decimal 255)
   defining Unicode char U+0102 (decimal 258)
   defining Unicode char U+0103 (decimal 259)
   defining Unicode char U+0104 (decimal 260)
   defining Unicode char U+0105 (decimal 261)
   defining Unicode char U+0106 (decimal 262)
   defining Unicode char U+0107 (decimal 263)
   defining Unicode char U+010C (decimal 268)
   defining Unicode char U+010D (decimal 269)
   defining Unicode char U+010E (decimal 270)
   defining Unicode char U+010F (decimal 271)
   defining Unicode char U+0110 (decimal 272)
   defining Unicode char U+0111 (decimal 273)
   defining Unicode char U+0118 (decimal 280)
   defining Unicode char U+0119 (decimal 281)
   defining Unicode char U+011A (decimal 282)
   defining Unicode char U+011B (decimal 283)
   defining Unicode char U+011E (decimal 286)
   defining Unicode char U+011F (decimal 287)
   defining Unicode char U+0130 (decimal 304)
   defining Unicode char U+0131 (decimal 305)
   defining Unicode char U+0132 (decimal 306)
   defining Unicode char U+0133 (decimal 307)
   defining Unicode char U+0139 (decimal 313)
   defining Unicode char U+013A (decimal 314)
   defining Unicode char U+013D (decimal 317)
   defining Unicode char U+013E (decimal 318)
   defining Unicode char U+0141 (decimal 321)
   defining Unicode char U+0142 (decimal 322)
   defining Unicode char U+0143 (decimal 323)
   defining Unicode char U+0144 (decimal 324)
   defining Unicode char U+0147 (decimal 327)
   defining Unicode char U+0148 (decimal 328)
   defining Unicode char U+014A (decimal 330)
   defining Unicode char U+014B (decimal 331)
   defining Unicode char U+0150 (decimal 336)
   defining Unicode char U+0151 (decimal 337)
   defining Unicode char U+0152 (decimal 338)
   defining Unicode char U+0153 (decimal 339)
   defining Unicode char U+0154 (decimal 340)
   defining Unicode char U+0155 (decimal 341)
   defining Unicode char U+0158 (decimal 344)
   defining Unicode char U+0159 (decimal 345)
   defining Unicode char U+015A (decimal 346)
   defining Unicode char U+015B (decimal 347)
   defining Unicode char U+015E (decimal 350)
   defining Unicode char U+015F (decimal 351)
   defining Unicode char U+0160 (decimal 352)
   defining Unicode char U+0161 (decimal 353)
   defining Unicode char U+0162 (decimal 354)
   defining Unicode char U+0163 (decimal 355)
   defining Unicode char U+0164 (decimal 356)
   defining Unicode char U+0165 (decimal 357)
   defining Unicode char U+016E (decimal 366)
   defining Unicode char U+016F (decimal 367)
   defining Unicode char U+0170 (decimal 368)
   defining Unicode char U+0171 (decimal 369)
   defining Unicode char U+0178 (decimal 376)
   defining Unicode char U+0179 (decimal 377)
   defining Unicode char U+017A (decimal 378)
   defining Unicode char U+017B (decimal 379)
   defining Unicode char U+017C (decimal 380)
   defining Unicode char U+017D (decimal 381)
   defining Unicode char U+017E (decimal 382)
   defining Unicode char U+200C (decimal 8204)
   defining Unicode char U+2013 (decimal 8211)
   defining Unicode char U+2014 (decimal 8212)
   defining Unicode char U+2018 (decimal 8216)
   defining Unicode char U+2019 (decimal 8217)
   defining Unicode char U+201A (decimal 8218)
   defining Unicode char U+201C (decimal 8220)
   defining Unicode char U+201D (decimal 8221)
   defining Unicode char U+201E (decimal 8222)
   defining Unicode char U+2030 (decimal 8240)
   defining Unicode char U+2031 (decimal 8241)
   defining Unicode char U+2039 (decimal 8249)
   defining Unicode char U+203A (decimal 8250)
   defining Unicode char U+2423 (decimal 9251)
)
Now handling font encoding OT1 ...
... processing UTF-8 mapping file for font encoding OT1

(/usr/local/texlive/2012/texmf-dist/tex/latex/base/ot1enc.dfu
File: ot1enc.dfu 2008/04/05 v1.1m UTF-8 support for inputenc
   defining Unicode char U+00A1 (decimal 161)
   defining Unicode char U+00A3 (decimal 163)
   defining Unicode char U+00B8 (decimal 184)
   defining Unicode char U+00BF (decimal 191)
   defining Unicode char U+00C5 (decimal 197)
   defining Unicode char U+00C6 (decimal 198)
   defining Unicode char U+00D8 (decimal 216)
   defining Unicode char U+00DF (decimal 223)
   defining Unicode char U+00E6 (decimal 230)
   defining Unicode char U+00EC (decimal 236)
   defining Unicode char U+00ED (decimal 237)
   defining Unicode char U+00EE (decimal 238)
   defining Unicode char U+00EF (decimal 239)
   defining Unicode char U+00F8 (decimal 248)
   defining Unicode char U+0131 (decimal 305)
   defining Unicode char U+0141 (decimal 321)
   defining Unicode char U+0142 (decimal 322)
   defining Unicode char U+0152 (decimal 338)
   defining Unicode char U+0153 (decimal 339)
   defining Unicode char U+2013 (decimal 8211)
   defining Unicode char U+2014 (decimal 8212)
   defining Unicode char U+2018 (decimal 8216)
   defining Unicode char U+2019 (decimal 8217)
   defining Unicode char U+201C (decimal 8220)
   defining Unicode char U+201D (decimal 8221)
)
Now handling font encoding OMS ...
... processing UTF-8 mapping file for font encoding OMS

(/usr/local/texlive/2012/texmf-dist/tex/latex/base/omsenc.dfu
File: omsenc.dfu 2008/04/05 v1.1m UTF-8 support for inputenc
   defining Unicode char U+00A7 (decimal 167)
   defining Unicode char U+00B6 (decimal 182)
   defining Unicode char U+00B7 (decimal 183)
   defining Unicode char U+2020 (decimal 8224)
   defining Unicode char U+2021 (decimal 8225)
   defining Unicode char U+2022 (decimal 8226)
)
Now handling font encoding OMX ...
... no UTF-8 mapping file for font encoding OMX
Now handling font encoding U ...
... no UTF-8 mapping file for font encoding U
   defining Unicode char U+00A9 (decimal 169)
   defining Unicode char U+00AA (decimal 170)
   defining Unicode char U+00AE (decimal 174)
   defining Unicode char U+00BA (decimal 186)
   defining Unicode char U+02C6 (decimal 710)
   defining Unicode char U+02DC (decimal 732)
   defining Unicode char U+200C (decimal 8204)
   defining Unicode char U+2026 (decimal 8230)
   defining Unicode char U+2122 (decimal 8482)
   defining Unicode char U+2423 (decimal 9251)
))
(/usr/local/texlive/2012/texmf-dist/tex/generic/xypic/xy.sty
(/usr/local/texlive/2012/texmf-dist/tex/generic/xypic/xy.tex Bootstrap'ing:
catcodes, docmode,
(/usr/local/texlive/2012/texmf-dist/tex/generic/xypic/xyrecat.tex)
(/usr/local/texlive/2012/texmf-dist/tex/generic/xypic/xyidioms.tex)

 Xy-pic version 3.8.8 <2012/05/24>
 Copyright (c) 1991-2011 by Kristoffer H. Rose <krisrose@tug.org>
 Xy-pic is free software: see the User's Guide for details.

Loading kernel: messages; fonts; allocations: state,
\X@c=\dimen103
\Y@c=\dimen104
\U@c=\dimen105
\D@c=\dimen106
\L@c=\dimen107
\R@c=\dimen108
\Edge@c=\toks16
\X@p=\dimen109
\Y@p=\dimen110
\U@p=\dimen111
\D@p=\dimen112
\L@p=\dimen113
\R@p=\dimen114
\Edge@p=\toks17
\X@origin=\dimen115
\Y@origin=\dimen116
\X@xbase=\dimen117
\Y@xbase=\dimen118
\X@ybase=\dimen119
\Y@ybase=\dimen120
\X@min=\dimen121
\Y@min=\dimen122
\X@max=\dimen123
\Y@max=\dimen124
\lastobjectbox@=\box26
\zerodotbox@=\box27
\almostz@=\dimen125
 direction,
\d@X=\dimen126
\d@Y=\dimen127
\K@=\count87
\KK@=\count88
\Direction=\count89
\K@dXdY=\dimen128
\K@dYdX=\dimen129
\xyread@=\read1
\xywrite@=\write3
\csp@=\count90
\quotPTK@=\dimen130

utility macros; pictures: \xy, positions,
\swaptoks@@=\toks18
\connectobjectbox@@=\box28
 objects,
\styletoks@=\toks19
 decorations;
kernel objects: directionals, circles, text; options; algorithms: directions,
edges, connections;  Xy-pic loaded)
(/usr/local/texlive/2012/texmf-dist/tex/generic/oberdiek/ifpdf.sty
Package: ifpdf 2011/01/30 v2.3 Provides the ifpdf switch (HO)
Package ifpdf Info: pdfTeX in PDF mode is detected.
)
Package: xy 2012/05/24 Xy-pic version 3.8.8

(/usr/local/texlive/2012/texmf-dist/tex/generic/xypic/xyall.tex
 Xy-pic option: All features v.3.8
(/usr/local/texlive/2012/texmf-dist/tex/generic/xypic/xycurve.tex
 Xy-pic option: Curve and Spline extension v.3.12 curve,
\crv@cnt@=\count91
\crvpts@=\toks20
\splinebox@=\box29
\splineval@=\dimen131
\splinedepth@=\dimen132
\splinetol@=\dimen133
\splinelength@=\dimen134
 circles,
\L@=\dimen135
 loaded)
(/usr/local/texlive/2012/texmf-dist/tex/generic/xypic/xyframe.tex
 Xy-pic option: Frame and Bracket extension v.3.14 loaded)
(/usr/local/texlive/2012/texmf-dist/tex/generic/xypic/xycmtip.tex
 Xy-pic option: Computer Modern tip extension v.3.7
(/usr/local/texlive/2012/texmf-dist/tex/generic/xypic/xytips.tex
 Xy-pic option: More Tips extension v.3.9 loaded) loaded)
(/usr/local/texlive/2012/texmf-dist/tex/generic/xypic/xyline.tex
 Xy-pic option: Line styles extension v.3.10
\xylinethick@=\dimen136
 loaded)
(/usr/local/texlive/2012/texmf-dist/tex/generic/xypic/xyrotate.tex
 Xy-pic option: Rotate and Scale extension v.3.8 loaded)
(/usr/local/texlive/2012/texmf-dist/tex/generic/xypic/xycolor.tex
 Xy-pic option: Colour extension v.3.11 loaded)
(/usr/local/texlive/2012/texmf-dist/tex/generic/xypic/xymatrix.tex
 Xy-pic option: Matrix feature v.3.14
\Row=\count92
\Col=\count93
\queue@=\toks21
\queue@@=\toks22
\qcount@=\count94
\qcount@@=\count95
\matrixsize@=\count96
 loaded)
(/usr/local/texlive/2012/texmf-dist/tex/generic/xypic/xyarrow.tex
 Xy-pic option: Arrow and Path feature v.3.9 path, \ar, loaded)
(/usr/local/texlive/2012/texmf-dist/tex/generic/xypic/xygraph.tex
 Xy-pic option: Graph feature v.3.11 loaded) loaded)
(/usr/local/texlive/2012/texmf-dist/tex/generic/xypic/xypdf.tex
 Xy-pic option: PDF driver v.1.7 Xy-pic pdf driver: `color' extension support
(/usr/local/texlive/2012/texmf-dist/tex/generic/xypic/xypdf-co.tex loaded)
Xy-pic pdf driver: `curve' extension support
(/usr/local/texlive/2012/texmf-dist/tex/generic/xypic/xypdf-cu.tex loaded)
Xy-pic pdf driver: `frame' extension support
(/usr/local/texlive/2012/texmf-dist/tex/generic/xypic/xypdf-fr.tex loaded)
Xy-pic pdf driver: `line' extension support
(/usr/local/texlive/2012/texmf-dist/tex/generic/xypic/xypdf-li.tex loaded)
Xy-pic pdf driver: `rotate' extension support
(/usr/local/texlive/2012/texmf-dist/tex/generic/xypic/xypdf-ro.tex loaded)
loaded)) (/usr/local/texlive/2012/texmf-dist/tex/latex/graphics/graphicx.sty
Package: graphicx 1999/02/16 v1.0f Enhanced LaTeX Graphics (DPC,SPQR)

(/usr/local/texlive/2012/texmf-dist/tex/latex/graphics/keyval.sty
Package: keyval 1999/03/16 v1.13 key=value parser (DPC)
\KV@toks@=\toks23
)
(/usr/local/texlive/2012/texmf-dist/tex/latex/graphics/graphics.sty
Package: graphics 2009/02/05 v1.0o Standard LaTeX Graphics (DPC,SPQR)

(/usr/local/texlive/2012/texmf-dist/tex/latex/graphics/trig.sty
Package: trig 1999/03/16 v1.09 sin cos tan (DPC)
)
(/usr/local/texlive/2012/texmf-dist/tex/latex/latexconfig/graphics.cfg
File: graphics.cfg 2010/04/23 v1.9 graphics configuration of TeX Live
)
Package graphics Info: Driver file: pdftex.def on input line 91.

(/usr/local/texlive/2012/texmf-dist/tex/latex/pdftex-def/pdftex.def
File: pdftex.def 2011/05/27 v0.06d Graphics/color for pdfTeX

(/usr/local/texlive/2012/texmf-dist/tex/generic/oberdiek/infwarerr.sty
Package: infwarerr 2010/04/08 v1.3 Providing info/warning/error messages (HO)
)
(/usr/local/texlive/2012/texmf-dist/tex/generic/oberdiek/ltxcmds.sty
Package: ltxcmds 2011/11/09 v1.22 LaTeX kernel commands for general use (HO)
)
\Gread@gobject=\count97
))
\Gin@req@height=\dimen137
\Gin@req@width=\dimen138
)
(/usr/local/texlive/2012/texmf-dist/tex/latex/cjk/texinput/CJKutf8.sty
Package: CJKutf8 2012/05/07 4.8.3

(/usr/local/texlive/2012/texmf-dist/tex/latex/cjk/texinput/CJK.sty
Package: CJK 2012/05/07 4.8.3

(/usr/local/texlive/2012/texmf-dist/tex/latex/cjk/texinput/mule/MULEenc.sty
Package: MULEenc 2012/05/07 4.8.3
)
(/usr/local/texlive/2012/texmf-dist/tex/latex/cjk/texinput/CJK.enc
File: CJK.enc 2012/05/07 4.8.3
Now handling font encoding C00 ...
... no UTF-8 mapping file for font encoding C00
Now handling font encoding C05 ...
... no UTF-8 mapping file for font encoding C05
Now handling font encoding C09 ...
... no UTF-8 mapping file for font encoding C09
Now handling font encoding C10 ...
... no UTF-8 mapping file for font encoding C10
Now handling font encoding C20 ...
... no UTF-8 mapping file for font encoding C20
Now handling font encoding C19 ...
... no UTF-8 mapping file for font encoding C19
Now handling font encoding C40 ...
... no UTF-8 mapping file for font encoding C40
Now handling font encoding C42 ...
... no UTF-8 mapping file for font encoding C42
Now handling font encoding C43 ...
... no UTF-8 mapping file for font encoding C43
Now handling font encoding C50 ...
... no UTF-8 mapping file for font encoding C50
Now handling font encoding C52 ...
... no UTF-8 mapping file for font encoding C52
Now handling font encoding C49 ...
... no UTF-8 mapping file for font encoding C49
Now handling font encoding C60 ...
... no UTF-8 mapping file for font encoding C60
Now handling font encoding C61 ...
... no UTF-8 mapping file for font encoding C61
Now handling font encoding C63 ...
... no UTF-8 mapping file for font encoding C63
Now handling font encoding C64 ...
... no UTF-8 mapping file for font encoding C64
Now handling font encoding C65 ...
... no UTF-8 mapping file for font encoding C65
Now handling font encoding C70 ...
... no UTF-8 mapping file for font encoding C70
Now handling font encoding C31 ...
... no UTF-8 mapping file for font encoding C31
Now handling font encoding C32 ...
... no UTF-8 mapping file for font encoding C32
Now handling font encoding C33 ...
... no UTF-8 mapping file for font encoding C33
Now handling font encoding C34 ...
... no UTF-8 mapping file for font encoding C34
Now handling font encoding C35 ...
... no UTF-8 mapping file for font encoding C35
Now handling font encoding C36 ...
... no UTF-8 mapping file for font encoding C36
Now handling font encoding C37 ...
... no UTF-8 mapping file for font encoding C37
Now handling font encoding C80 ...
... no UTF-8 mapping file for font encoding C80
Now handling font encoding C81 ...
... no UTF-8 mapping file for font encoding C81
Now handling font encoding C01 ...
... no UTF-8 mapping file for font encoding C01
Now handling font encoding C11 ...
... no UTF-8 mapping file for font encoding C11
Now handling font encoding C21 ...
... no UTF-8 mapping file for font encoding C21
Now handling font encoding C41 ...
... no UTF-8 mapping file for font encoding C41
Now handling font encoding C62 ...
... no UTF-8 mapping file for font encoding C62
)
LaTeX Info: Redefining \selectfont on input line 755.
\CJK@indent=\box30
)
(/usr/local/texlive/2012/texmf-dist/tex/latex/base/fontenc.sty
Package: fontenc 2005/09/27 v1.99g Standard LaTeX package
))
(/usr/local/texlive/2012/texmf-dist/tex/latex/setspace/setspace.sty
Package: setspace 2011/12/19 v6.7a set line spacing
)
(/usr/local/texlive/2012/texmf-dist/tex/latex/listings/listings.sty
\lst@mode=\count98
\lst@gtempboxa=\box31
\lst@token=\toks24
\lst@length=\count99
\lst@currlwidth=\dimen139
\lst@column=\count100
\lst@pos=\count101
\lst@lostspace=\dimen140
\lst@width=\dimen141
\lst@newlines=\count102
\lst@lineno=\count103
\lst@maxwidth=\dimen142

(/usr/local/texlive/2012/texmf-dist/tex/latex/listings/lstmisc.sty
File: lstmisc.sty 2007/02/22 1.4 (Carsten Heinz)
\c@lstnumber=\count104
\lst@skipnumbers=\count105
\lst@framebox=\box32
)
(/usr/local/texlive/2012/texmf-dist/tex/latex/listings/listings.cfg
File: listings.cfg 2007/02/22 1.4 listings configuration
))
Package: listings 2007/02/22 1.4 (Carsten Heinz)

(/usr/local/texlive/2012/texmf-dist/tex/generic/zhmetrics/zhwinfonts.tex
(/usr/local/texlive/2012/texmf-dist/tex/generic/oberdiek/ifpdf.sty
Package ifpdf Info: The package is already loaded, stopped on input line 64.
){/usr/local/texlive/2012/texmf-var/fonts/map/pdftex/updmap/pdftex.map}{UGBK.sf
d}{Unicode.sfd}) (./Main.aux)
\openout1 = `Main.aux'.

LaTeX Font Info:    Checking defaults for OML/cmm/m/it on input line 11.
LaTeX Font Info:    ... okay on input line 11.
LaTeX Font Info:    Checking defaults for T1/cmr/m/n on input line 11.
LaTeX Font Info:    ... okay on input line 11.
LaTeX Font Info:    Checking defaults for OT1/cmr/m/n on input line 11.
LaTeX Font Info:    ... okay on input line 11.
LaTeX Font Info:    Checking defaults for OMS/cmsy/m/n on input line 11.
LaTeX Font Info:    ... okay on input line 11.
LaTeX Font Info:    Checking defaults for OMX/cmex/m/n on input line 11.
LaTeX Font Info:    ... okay on input line 11.
LaTeX Font Info:    Checking defaults for U/cmr/m/n on input line 11.
LaTeX Font Info:    ... okay on input line 11.
LaTeX Font Info:    Checking defaults for C00/song/m/n on input line 11.
LaTeX Font Info:    ... okay on input line 11.
LaTeX Font Info:    Checking defaults for C05/song/m/n on input line 11.
LaTeX Font Info:    ... okay on input line 11.
LaTeX Font Info:    Checking defaults for C09/song/m/n on input line 11.
LaTeX Font Info:    ... okay on input line 11.
LaTeX Font Info:    Checking defaults for C10/song/m/n on input line 11.
LaTeX Font Info:    ... okay on input line 11.
LaTeX Font Info:    Checking defaults for C20/song/m/n on input line 11.
LaTeX Font Info:    ... okay on input line 11.
LaTeX Font Info:    Checking defaults for C19/song/m/n on input line 11.
LaTeX Font Info:    ... okay on input line 11.
LaTeX Font Info:    Checking defaults for C40/song/m/n on input line 11.
LaTeX Font Info:    ... okay on input line 11.
LaTeX Font Info:    Checking defaults for C42/song/m/n on input line 11.
LaTeX Font Info:    ... okay on input line 11.
LaTeX Font Info:    Checking defaults for C43/song/m/n on input line 11.
LaTeX Font Info:    ... okay on input line 11.
LaTeX Font Info:    Checking defaults for C50/song/m/n on input line 11.
LaTeX Font Info:    ... okay on input line 11.
LaTeX Font Info:    Checking defaults for C52/song/m/n on input line 11.
LaTeX Font Info:    ... okay on input line 11.
LaTeX Font Info:    Checking defaults for C49/song/m/n on input line 11.
LaTeX Font Info:    ... okay on input line 11.
LaTeX Font Info:    Checking defaults for C60/mj/m/n on input line 11.
LaTeX Font Info:    ... okay on input line 11.
LaTeX Font Info:    Checking defaults for C61/mj/m/n on input line 11.
LaTeX Font Info:    ... okay on input line 11.
LaTeX Font Info:    Checking defaults for C63/mj/m/n on input line 11.
LaTeX Font Info:    ... okay on input line 11.
LaTeX Font Info:    Checking defaults for C64/mj/m/n on input line 11.
LaTeX Font Info:    ... okay on input line 11.
LaTeX Font Info:    Checking defaults for C65/mj/m/n on input line 11.
LaTeX Font Info:    ... okay on input line 11.
LaTeX Font Info:    Checking defaults for C70/song/m/n on input line 11.
LaTeX Font Info:    ... okay on input line 11.
LaTeX Font Info:    Checking defaults for C31/song/m/n on input line 11.
LaTeX Font Info:    ... okay on input line 11.
LaTeX Font Info:    Checking defaults for C32/song/m/n on input line 11.
LaTeX Font Info:    ... okay on input line 11.
LaTeX Font Info:    Checking defaults for C33/song/m/n on input line 11.
LaTeX Font Info:    ... okay on input line 11.
LaTeX Font Info:    Checking defaults for C34/song/m/n on input line 11.
LaTeX Font Info:    ... okay on input line 11.
LaTeX Font Info:    Checking defaults for C35/song/m/n on input line 11.
LaTeX Font Info:    ... okay on input line 11.
LaTeX Font Info:    Checking defaults for C36/song/m/n on input line 11.
LaTeX Font Info:    ... okay on input line 11.
LaTeX Font Info:    Checking defaults for C37/song/m/n on input line 11.
LaTeX Font Info:    ... okay on input line 11.
LaTeX Font Info:    Checking defaults for C80/song/m/n on input line 11.
LaTeX Font Info:    ... okay on input line 11.
LaTeX Font Info:    Checking defaults for C81/song/m/n on input line 11.
LaTeX Font Info:    ... okay on input line 11.
LaTeX Font Info:    Checking defaults for C01/song/m/n on input line 11.
LaTeX Font Info:    ... okay on input line 11.
LaTeX Font Info:    Checking defaults for C11/song/m/n on input line 11.
LaTeX Font Info:    ... okay on input line 11.
LaTeX Font Info:    Checking defaults for C21/song/m/n on input line 11.
LaTeX Font Info:    ... okay on input line 11.
LaTeX Font Info:    Checking defaults for C41/song/m/n on input line 11.
LaTeX Font Info:    ... okay on input line 11.
LaTeX Font Info:    Checking defaults for C62/song/m/n on input line 11.
LaTeX Font Info:    ... okay on input line 11.
LaTeX Font Info:    External font `cmex10' loaded for size
(Font)              <12> on input line 11.
LaTeX Font Info:    External font `cmex10' loaded for size
(Font)              <8> on input line 11.
LaTeX Font Info:    External font `cmex10' loaded for size
(Font)              <6> on input line 11.
Package xypdf Info: Line width: 0.39998pt on input line 11.

(/usr/local/texlive/2012/texmf-dist/tex/context/base/supp-pdf.mkii
[Loading MPS to PDF converter (version 2006.09.02).]
\scratchcounter=\count106
\scratchdimen=\dimen143
\scratchbox=\box33
\nofMPsegments=\count107
\nofMParguments=\count108
\everyMPshowfont=\toks25
\MPscratchCnt=\count109
\MPscratchDim=\dimen144
\MPnumerator=\count110
\makeMPintoPDFobject=\count111
\everyMPtoPDFconversion=\toks26
) (/usr/local/texlive/2012/texmf-dist/tex/generic/oberdiek/pdftexcmds.sty
Package: pdftexcmds 2011/11/29 v0.20 Utility functions of pdfTeX for LuaTeX (HO
)

(/usr/local/texlive/2012/texmf-dist/tex/generic/oberdiek/ifluatex.sty
Package: ifluatex 2010/03/01 v1.3 Provides the ifluatex switch (HO)
Package ifluatex Info: LuaTeX not detected.
)
Package pdftexcmds Info: LuaTeX not detected.
Package pdftexcmds Info: \pdf@primitive is available.
Package pdftexcmds Info: \pdf@ifprimitive is available.
Package pdftexcmds Info: \pdfdraftmode found.
)
(/usr/local/texlive/2012/texmf-dist/tex/latex/oberdiek/epstopdf-base.sty
Package: epstopdf-base 2010/02/09 v2.5 Base part for package epstopdf

(/usr/local/texlive/2012/texmf-dist/tex/latex/oberdiek/grfext.sty
Package: grfext 2010/08/19 v1.1 Manage graphics extensions (HO)

(/usr/local/texlive/2012/texmf-dist/tex/generic/oberdiek/kvdefinekeys.sty
Package: kvdefinekeys 2011/04/07 v1.3 Define keys (HO)
))
(/usr/local/texlive/2012/texmf-dist/tex/latex/oberdiek/kvoptions.sty
Package: kvoptions 2011/06/30 v3.11 Key value format for package options (HO)

(/usr/local/texlive/2012/texmf-dist/tex/generic/oberdiek/kvsetkeys.sty
Package: kvsetkeys 2012/04/25 v1.16 Key value parser (HO)

(/usr/local/texlive/2012/texmf-dist/tex/generic/oberdiek/etexcmds.sty
Package: etexcmds 2011/02/16 v1.5 Avoid name clashes with e-TeX commands (HO)
Package etexcmds Info: Could not find \expanded.
(etexcmds)             That can mean that you are not using pdfTeX 1.50 or
(etexcmds)             that some package has redefined \expanded.
(etexcmds)             In the latter case, load this package earlier.
)))
Package grfext Info: Graphics extension search list:
(grfext)             [.png,.pdf,.jpg,.mps,.jpeg,.jbig2,.jb2,.PNG,.PDF,.JPG,.JPE
G,.JBIG2,.JB2,.eps]
(grfext)             \AppendGraphicsExtensions on input line 452.

(/usr/local/texlive/2012/texmf-dist/tex/latex/latexconfig/epstopdf-sys.cfg
File: epstopdf-sys.cfg 2010/07/13 v1.3 Configuration of (r)epstopdf for TeX Liv
e
))
\c@lstlisting=\count112

(/usr/local/texlive/2012/texmf-dist/tex/latex/cjk/texinput/UTF8/UTF8.bdg
File: UTF8.bdg 2012/05/07 4.8.3
)
(/usr/local/texlive/2012/texmf-dist/tex/latex/cjk/texinput/UTF8/UTF8.enc
File: UTF8.enc 2012/05/07 4.8.3
)
(/usr/local/texlive/2012/texmf-dist/tex/latex/cjk/texinput/UTF8/UTF8.chr
File: UTF8.chr 2012/05/07 4.8.3
)
(./_titlepage.tex <./images/university-logo.jpg, id=1, 115.632pt x 116.5956pt>
File: ./images/university-logo.jpg Graphic file (type jpg)

<use ./images/university-logo.jpg>
Package pdftex.def Info: ./images/university-logo.jpg used on input line 8.
(pdftex.def)             Requested size: 195.0pt x 196.63538pt.
LaTeX Font Info:    Try loading font information for C70+gbsn on input line 9.

(/usr/local/texlive/2012/texmf-dist/tex/latex/cjk/texinput/UTF8/c70gbsn.fd
File: c70gbsn.fd 2012/05/07 4.8.3
)
(/usr/local/texlive/2012/texmf-dist/tex/latex/cjk/texinput/UTF8/c70gbsn.fdx
File: c70gbsn.fdx 2012/05/07 4.8.3
)

LaTeX Font Warning: Font shape `C70/gbsn/m/sc' undefined
(Font)              using `C70/gbsn/m/n' instead on input line 10.

[1

 <./images/university-logo.jpg>]) (./_abstract.tex [1] [2]) (./Main.toc
[3

] [4])
\tf@toc=\write4
\openout4 = `Main.toc'.

 [5] (./chapters/chap1.tex [6

] [7] [8] <xymatrix 3x3 140> [9]
<./images/chap1-1.png, id=193, 540.0175pt x 437.635pt>
File: ./images/chap1-1.png Graphic file (type png)

<use ./images/chap1-1.png>
Package pdftex.def Info: ./images/chap1-1.png used on input line 81.
(pdftex.def)             Requested size: 312.00119pt x 252.85352pt.
 [10

 <./images/chap1-1.png>] [11])
(./chapters/chap2.tex
<./images/bs-graph.png, id=200, 588.1975pt x 149.55875pt>
File: ./images/bs-graph.png Graphic file (type png)

<use ./images/bs-graph.png>
Package pdftex.def Info: ./images/bs-graph.png used on input line 15.
(pdftex.def)             Requested size: 390.0pt x 99.16321pt.
 [12

 <./images/bs-graph.png>] [13] [14] [15]
[16]
Overfull \hbox (11.79391pt too wide) in paragraph at lines 75--77
\T1/cmr/m/n/12 Express.js\C70/gbsn/bx/n/12/66 / \C70/gbsn/bx/n/12/57 ú \C70/gbs
n/bx/n/12/4e Ž\T1/cmr/m/n/12 NodeJS\C70/gbsn/m/n/12/ff ^^L \C70/gbsn/bx/n/12/9a
 Ø \C70/gbsn/bx/n/12/60 ' \C70/gbsn/bx/n/12/80 ý \C70/gbsn/m/n/12/30 ^^A \C70/g
bsn/bx/n/12/4e ^^@ \C70/gbsn/m/n/12/6d A \C70/gbsn/bx/n/12/76 „\T1/cmr/m/n/12 w
eb\C70/gbsn/m/n/12/5f ^^@ \C70/gbsn/bx/n/12/53 Ñ \C70/gbsn/bx/n/12/68 F \C70/gb
sn/bx/n/12/67 ¶ \C70/gbsn/m/n/12/ff ^^L \C70/gbsn/bx/n/12/5b ƒ \C70/gbsn/m/n/12
/90 ^^Z \C70/gbsn/bx/n/12/8f Ç \C70/gbsn/bx/n/12/5b ù\T1/cmr/m/n/12 NodeJS\C70/
gbsn/bx/n/12/76 „
 []

[17] [18]
LaTeX Font Info:    Try loading font information for OMS+cmr on input line 108.

 (/usr/local/texlive/2012/texmf-dist/tex/latex/base/omscmr.fd
File: omscmr.fd 1999/05/25 v2.5h Standard LaTeX font definitions
)
LaTeX Font Info:    Font shape `OMS/cmr/m/n' in size <12> not available
(Font)              Font shape `OMS/cmsy/m/n' tried instead on input line 108.

[19] [20] [21]
Overfull \hbox (13.4146pt too wide) in paragraph at lines 144--145
[]\T1/cmr/m/n/12 RequireJS \C70/gbsn/bx/n/12/57 ( \C70/gbsn/bx/n/12/5c ^^] \C70
/gbsn/bx/n/12/8b Õ © \C70/gbsn/m/n/12/7b , \C70/gbsn/bx/n/12/4e 	 \C70/gbsn/bx/
n/12/65 ¹ \C70/gbsn/bx/n/12/7c { \C70/gbsn/bx/n/12/5e “ \C70/gbsn/bx/n/12/4f î 
\C70/gbsn/bx/n/12/65 9 \C70/gbsn/m/n/12/81 ê \C70/gbsn/m/n/12/8e « \C70/gbsn/bx
/n/12/67 e \C70/gbsn/bx/n/12/65 / \C70/gbsn/bx/n/12/63 ^^A\T1/cmr/m/n/12 Requir
eJS\C70/gbsn/bx/n/12/ff ^^L
 []


Overfull \hbox (22.68742pt too wide) in paragraph at lines 145--146
[]\T1/cmr/m/n/12 Sea.js \C70/gbsn/bx/n/12/97 ^ \C70/gbsn/bx/n/12/5e 8 \C70/gbsn
/bx/n/12/51 s \C70/gbsn/bx/n/12/6c è \C70/gbsn/bx/n/12/4e ã \C70/gbsn/m/n/12/78
 ^^A \C70/gbsn/bx/n/12/76 „ \C70/gbsn/m/n/12/5f ^^@ \C70/gbsn/bx/n/12/53 Ñ \C70
/gbsn/bx/n/12/8c ^^C \C70/gbsn/bx/n/12/8b Õ \C70/gbsn/bx/n/12/ff ^^L \C70/gbsn/
bx/n/12/67 	\T1/cmr/m/n/12 nocache\C70/gbsn/m/n/12/30 ^^A\T1/cmr/m/n/12 debug
 []

[22]) (./chapters/chap3.tex
LaTeX Font Info:    Try loading font information for T1+cmtt on input line 11.

(/usr/local/texlive/2012/texmf-dist/tex/latex/base/t1cmtt.fd
File: t1cmtt.fd 1999/05/25 v2.5h Standard LaTeX font definitions
)
(./codes/express-model/createModel.js.tex
(/usr/local/texlive/2012/texmf-dist/tex/latex/listings/lstlang1.sty
File: lstlang1.sty 2004/09/05 1.3 listings language file
)
(/usr/local/texlive/2012/texmf-dist/tex/latex/listings/lstmisc.sty
File: lstmisc.sty 2007/02/22 1.4 (Carsten Heinz)
) [23

])
(./codes/express-model/useModel.js.tex) (./codes/express-model/user.js.tex)
[24] (./codes/express-model/groups.js.tex) (./codes/express-model/kan.js.tex
[25]) (./codes/express-model/issue.js.tex) [26] [27]
<./images/server-side-architecture.png, id=258, 657.45625pt x 494.84875pt>
File: ./images/server-side-architecture.png Graphic file (type png)

<use ./images/server-side-architecture.png>
Package pdftex.def Info: ./images/server-side-architecture.png used on input li
ne 142.
(pdftex.def)             Requested size: 390.0pt x 293.5439pt.
 [28 <./images/server-side-architecture.png>]) (./chapters/chap4.tex [29

] [30] [31] [32]
Overfull \hbox (21.56865pt too wide) in paragraph at lines 63--65
\C70/gbsn/bx/n/12/57 ( \C70/gbsn/m/n/12/56 ý \C70/gbsn/bx/n/12/51 … \C70/gbsn/b
x/n/12/76 „ \C70/gbsn/m/n/12/5f ^^@ \C70/gbsn/bx/n/12/53 Ñ \C70/gbsn/bx/n/12/80
 ^^E \C70/gbsn/bx/n/12/67 e \C70/gbsn/bx/n/12/8b ô \C70/gbsn/bx/n/12/ff ^^L \C7
0/gbsn/bx/n/12/67 ^^@ \C70/gbsn/bx/n/12/53 ï \C70/gbsn/bx/n/12/60 ^^U \C70/gbsn
/bx/n/12/76 „ \C70/gbsn/bx/n/12/5c 1 \C70/gbsn/bx/n/12/66 /\T1/cmr/m/n/12 IE\C7
0/gbsn/bx/n/12/51 | \C70/gbsn/bx/n/12/5b ¹ \C70/gbsn/m/n/12/95 î \C70/gbsn/bx/n
/12/98 ˜ \C70/gbsn/m/n/12/30 ^^B \C70/gbsn/bx/n/12/76 î \C70/gbsn/bx/n/12/52 M\
T1/cmr/m/n/12 Bootstrap\C70/gbsn/bx/n/12/5b ù\T1/cmr/m/n/12 IE6\C70/gbsn/bx/n/1
2/52 0\T1/cmr/m/n/12 IE8\C70/gbsn/bx/n/12/76 „
 []

(./codes/seajs/define.tex [33]) (./codes/seajs/use.tex) (./codes/chapters/1.tex
(/usr/local/texlive/2012/texmf-dist/tex/latex/listings/lstlang1.sty
File: lstlang1.sty 2004/09/05 1.3 listings language file
)
(/usr/local/texlive/2012/texmf-dist/tex/latex/listings/lstlang2.sty
File: lstlang2.sty 2004/09/05 1.3 listings language file
)) [34]
[35] (./codes/views/skeleton_jade.tex [36])
(./codes/views/sidebarAndContent_jade.tex
Overfull \hbox (3.7078pt too wide) in paragraph at lines 121--1
\C70/gbsn/bx/n/12/4e ö \C70/gbsn/bx/n/12/ff ^^L \C70/gbsn/m/n/12/86 } \C70/gbsn
/m/n/12/71 6 \C70/gbsn/bx/n/12/8b å \C70/gbsn/bx/n/12/65 ‡ \C70/gbsn/bx/n/12/4e
 ö _ \C70/gbsn/bx/n/12/66 / \C70/gbsn/bx/n/12/57 ú \C70/gbsn/bx/n/12/4e Ž\T1/cm
r/m/n/12 skeleton\C70/gbsn/bx/n/12/6a ! \C70/gbsn/bx/n/12/72 H \C70/gbsn/bx/n/1
2/ff ^^L \C70/gbsn/bx/n/12/4e ^^M \C70/gbsn/bx/n/12/8f Ç \C70/gbsn/bx/n/12/5b ƒ
 \C70/gbsn/bx/n/12/4e ì \C70/gbsn/bx/n/12/76 „ \C70/gbsn/bx/n/12/75 ( \C70/gbsn
/bx/n/12/59 ^^D \C70/gbsn/bx/n/12/54 ^^D \C70/gbsn/bx/n/12/4e ^^M \C70/gbsn/bx/
n/12/76 ø \C70/gbsn/bx/n/12/54 ^^L \C70/gbsn/bx/n/12/ff ^^L\T1/cmr/m/n/12 sideb
ar-
 []

) <./images/client-side-architecture.png, id=294, 682.55pt x 337.26pt>
File: ./images/client-side-architecture.png Graphic file (type png)

<use ./images/client-side-architecture.png>
Package pdftex.def Info: ./images/client-side-architecture.png used on input li
ne 130.
(pdftex.def)             Requested size: 390.0pt x 192.7085pt.


LaTeX Warning: `h' float specifier changed to `ht'.

[37] [38 <./images/client-side-architecture.png>]) (./chapters/chap5.tex
(./codes/lib/auth/pass.js.tex
LaTeX Font Info:    Font shape `OMS/cmr/m/it' in size <12> not available
(Font)              Font shape `OMS/cmsy/m/n' tried instead on input line 5.
 [39

] [40]) (./codes/lib/auth/encodeUser.tex
[41]) [42] (./codes/lib/auth/uncodeUser.tex) [43

]
(./codes/lib/auth/writeUser.tex) (./codes/lib/auth/authUser.tex) [44

]
<./images/data-stream-graph.png, id=321, 477.785pt x 356.33125pt>
File: ./images/data-stream-graph.png Graphic file (type png)

<use ./images/data-stream-graph.png>
Package pdftex.def Info: ./images/data-stream-graph.png used on input line 46.
(pdftex.def)             Requested size: 312.00119pt x 232.68912pt.
 [45 <./images/data-stream-graph.png>]
(./codes/swfupload/load.tex)
Overfull \hbox (9.14328pt too wide) in paragraph at lines 68--69
[]\C70/gbsn/bx/n/12/57 (\T1/cmr/m/n/12 swfupload\C70/gbsn/bx/n/12/8f } \C70/gbs
n/bx/n/12/51 e \C70/gbsn/bx/n/12/54 ^^N \C70/gbsn/bx/n/12/89 æ \C70/gbsn/bx/n/1
2/53 Ñ \C70/gbsn/bx/n/12/ff ^^L \C70/gbsn/bx/n/12/90 ^^Z \C70/gbsn/bx/n/12/5e 8
 \C70/gbsn/bx/n/12/75 ( \C70/gbsn/bx/n/12/67 e \C70/gbsn/bx/n/12/5b ù\T1/cmr/m/
n/12 UI\C70/gbsn/bx/n/12/8f Û
 []

[46] (./codes/swfupload/file_dialog_complete_handler.tex) [47] [48] [49])
(./chapters/chap8.tex [50

] [51]) [52

] (./Main.aux)

LaTeX Font Warning: Some font shapes were not available, defaults substituted.

 ) 
Here is how much of TeX's memory you used:
 11031 strings out of 493488
 146315 string characters out of 3141326
 245042 words of memory out of 3000000
 13637 multiletter control sequences out of 15000+200000
 77029 words of font info for 259 fonts, out of 3000000 for 9000
 957 hyphenation exceptions out of 8191
 38i,13n,49p,3244b,3145s stack positions out of 5000i,500n,10000p,200000b,50000s
{/usr/local/texlive/2012/texmf-dist/fonts/enc/dvips/cm-super/cm-super-t1.enc}
</usr/local/texlive/2012/texmf-dist/fonts/type1/public/amsfonts/cm/cmmi12.pfb><
/usr/local/texlive/2012/texmf-dist/fonts/type1/public/amsfonts/cm/cmsy10.pfb></
usr/local/texlive/2012/texmf-dist/fonts/type1/arphic/gbsnu/gbsnu30.pfb></usr/lo
cal/texlive/2012/texmf-dist/fonts/type1/arphic/gbsnu/gbsnu4e.pfb></usr/local/te
xlive/2012/texmf-dist/fonts/type1/arphic/gbsnu/gbsnu4f.pfb></usr/local/texlive/
2012/texmf-dist/fonts/type1/arphic/gbsnu/gbsnu50.pfb></usr/local/texlive/2012/t
exmf-dist/fonts/type1/arphic/gbsnu/gbsnu51.pfb></usr/local/texlive/2012/texmf-d
ist/fonts/type1/arphic/gbsnu/gbsnu52.pfb></usr/local/texlive/2012/texmf-dist/fo
nts/type1/arphic/gbsnu/gbsnu53.pfb></usr/local/texlive/2012/texmf-dist/fonts/ty
pe1/arphic/gbsnu/gbsnu54.pfb></usr/local/texlive/2012/texmf-dist/fonts/type1/ar
phic/gbsnu/gbsnu55.pfb></usr/local/texlive/2012/texmf-dist/fonts/type1/arphic/g
bsnu/gbsnu56.pfb></usr/local/texlive/2012/texmf-dist/fonts/type1/arphic/gbsnu/g
bsnu57.pfb></usr/local/texlive/2012/texmf-dist/fonts/type1/arphic/gbsnu/gbsnu58
.pfb></usr/local/texlive/2012/texmf-dist/fonts/type1/arphic/gbsnu/gbsnu59.pfb><
/usr/local/texlive/2012/texmf-dist/fonts/type1/arphic/gbsnu/gbsnu5a.pfb></usr/l
ocal/texlive/2012/texmf-dist/fonts/type1/arphic/gbsnu/gbsnu5b.pfb></usr/local/t
exlive/2012/texmf-dist/fonts/type1/arphic/gbsnu/gbsnu5c.pfb></usr/local/texlive
/2012/texmf-dist/fonts/type1/arphic/gbsnu/gbsnu5d.pfb></usr/local/texlive/2012/
texmf-dist/fonts/type1/arphic/gbsnu/gbsnu5e.pfb></usr/local/texlive/2012/texmf-
dist/fonts/type1/arphic/gbsnu/gbsnu5f.pfb></usr/local/texlive/2012/texmf-dist/f
onts/type1/arphic/gbsnu/gbsnu60.pfb></usr/local/texlive/2012/texmf-dist/fonts/t
ype1/arphic/gbsnu/gbsnu61.pfb></usr/local/texlive/2012/texmf-dist/fonts/type1/a
rphic/gbsnu/gbsnu62.pfb></usr/local/texlive/2012/texmf-dist/fonts/type1/arphic/
gbsnu/gbsnu63.pfb></usr/local/texlive/2012/texmf-dist/fonts/type1/arphic/gbsnu/
gbsnu64.pfb></usr/local/texlive/2012/texmf-dist/fonts/type1/arphic/gbsnu/gbsnu6
5.pfb></usr/local/texlive/2012/texmf-dist/fonts/type1/arphic/gbsnu/gbsnu66.pfb>
</usr/local/texlive/2012/texmf-dist/fonts/type1/arphic/gbsnu/gbsnu67.pfb></usr/
local/texlive/2012/texmf-dist/fonts/type1/arphic/gbsnu/gbsnu68.pfb></usr/local/
texlive/2012/texmf-dist/fonts/type1/arphic/gbsnu/gbsnu69.pfb></usr/local/texliv
e/2012/texmf-dist/fonts/type1/arphic/gbsnu/gbsnu6a.pfb></usr/local/texlive/2012
/texmf-dist/fonts/type1/arphic/gbsnu/gbsnu6b.pfb></usr/local/texlive/2012/texmf
-dist/fonts/type1/arphic/gbsnu/gbsnu6c.pfb></usr/local/texlive/2012/texmf-dist/
fonts/type1/arphic/gbsnu/gbsnu6d.pfb></usr/local/texlive/2012/texmf-dist/fonts/
type1/arphic/gbsnu/gbsnu6e.pfb></usr/local/texlive/2012/texmf-dist/fonts/type1/
arphic/gbsnu/gbsnu6f.pfb></usr/local/texlive/2012/texmf-dist/fonts/type1/arphic
/gbsnu/gbsnu70.pfb></usr/local/texlive/2012/texmf-dist/fonts/type1/arphic/gbsnu
/gbsnu71.pfb></usr/local/texlive/2012/texmf-dist/fonts/type1/arphic/gbsnu/gbsnu
72.pfb></usr/local/texlive/2012/texmf-dist/fonts/type1/arphic/gbsnu/gbsnu73.pfb
></usr/local/texlive/2012/texmf-dist/fonts/type1/arphic/gbsnu/gbsnu74.pfb></usr
/local/texlive/2012/texmf-dist/fonts/type1/arphic/gbsnu/gbsnu75.pfb></usr/local
/texlive/2012/texmf-dist/fonts/type1/arphic/gbsnu/gbsnu76.pfb></usr/local/texli
ve/2012/texmf-dist/fonts/type1/arphic/gbsnu/gbsnu77.pfb></usr/local/texlive/201
2/texmf-dist/fonts/type1/arphic/gbsnu/gbsnu78.pfb></usr/local/texlive/2012/texm
f-dist/fonts/type1/arphic/gbsnu/gbsnu79.pfb></usr/local/texlive/2012/texmf-dist
/fonts/type1/arphic/gbsnu/gbsnu7a.pfb></usr/local/texlive/2012/texmf-dist/fonts
/type1/arphic/gbsnu/gbsnu7b.pfb></usr/local/texlive/2012/texmf-dist/fonts/type1
/arphic/gbsnu/gbsnu7c.pfb></usr/local/texlive/2012/texmf-dist/fonts/type1/arphi
c/gbsnu/gbsnu7d.pfb></usr/local/texlive/2012/texmf-dist/fonts/type1/arphic/gbsn
u/gbsnu7e.pfb></usr/local/texlive/2012/texmf-dist/fonts/type1/arphic/gbsnu/gbsn
u7f.pfb></usr/local/texlive/2012/texmf-dist/fonts/type1/arphic/gbsnu/gbsnu80.pf
b></usr/local/texlive/2012/texmf-dist/fonts/type1/arphic/gbsnu/gbsnu81.pfb></us
r/local/texlive/2012/texmf-dist/fonts/type1/arphic/gbsnu/gbsnu82.pfb></usr/loca
l/texlive/2012/texmf-dist/fonts/type1/arphic/gbsnu/gbsnu83.pfb></usr/local/texl
ive/2012/texmf-dist/fonts/type1/arphic/gbsnu/gbsnu84.pfb></usr/local/texlive/20
12/texmf-dist/fonts/type1/arphic/gbsnu/gbsnu86.pfb></usr/local/texlive/2012/tex
mf-dist/fonts/type1/arphic/gbsnu/gbsnu87.pfb></usr/local/texlive/2012/texmf-dis
t/fonts/type1/arphic/gbsnu/gbsnu88.pfb></usr/local/texlive/2012/texmf-dist/font
s/type1/arphic/gbsnu/gbsnu89.pfb></usr/local/texlive/2012/texmf-dist/fonts/type
1/arphic/gbsnu/gbsnu8a.pfb></usr/local/texlive/2012/texmf-dist/fonts/type1/arph
ic/gbsnu/gbsnu8b.pfb></usr/local/texlive/2012/texmf-dist/fonts/type1/arphic/gbs
nu/gbsnu8c.pfb></usr/local/texlive/2012/texmf-dist/fonts/type1/arphic/gbsnu/gbs
nu8d.pfb></usr/local/texlive/2012/texmf-dist/fonts/type1/arphic/gbsnu/gbsnu8e.p
fb></usr/local/texlive/2012/texmf-dist/fonts/type1/arphic/gbsnu/gbsnu8f.pfb></u
sr/local/texlive/2012/texmf-dist/fonts/type1/arphic/gbsnu/gbsnu90.pfb></usr/loc
al/texlive/2012/texmf-dist/fonts/type1/arphic/gbsnu/gbsnu91.pfb></usr/local/tex
live/2012/texmf-dist/fonts/type1/arphic/gbsnu/gbsnu94.pfb></usr/local/texlive/2
012/texmf-dist/fonts/type1/arphic/gbsnu/gbsnu95.pfb></usr/local/texlive/2012/te
xmf-dist/fonts/type1/arphic/gbsnu/gbsnu96.pfb></usr/local/texlive/2012/texmf-di
st/fonts/type1/arphic/gbsnu/gbsnu97.pfb></usr/local/texlive/2012/texmf-dist/fon
ts/type1/arphic/gbsnu/gbsnu98.pfb></usr/local/texlive/2012/texmf-dist/fonts/typ
e1/arphic/gbsnu/gbsnu99.pfb></usr/local/texlive/2012/texmf-dist/fonts/type1/arp
hic/gbsnu/gbsnu9a.pfb></usr/local/texlive/2012/texmf-dist/fonts/type1/arphic/gb
snu/gbsnu9c.pfb></usr/local/texlive/2012/texmf-dist/fonts/type1/arphic/gbsnu/gb
snu9e.pfb></usr/local/texlive/2012/texmf-dist/fonts/type1/arphic/gbsnu/gbsnu9f.
pfb></usr/local/texlive/2012/texmf-dist/fonts/type1/arphic/gbsnu/gbsnuff.pfb></
usr/local/texlive/2012/texmf-dist/fonts/type1/public/cm-super/sfbx1200.pfb></us
r/local/texlive/2012/texmf-dist/fonts/type1/public/cm-super/sfbx1440.pfb></usr/
local/texlive/2012/texmf-dist/fonts/type1/public/cm-super/sfbx1728.pfb></usr/lo
cal/texlive/2012/texmf-dist/fonts/type1/public/cm-super/sfbx2488.pfb></usr/loca
l/texlive/2012/texmf-dist/fonts/type1/public/cm-super/sfrm1095.pfb></usr/local/
texlive/2012/texmf-dist/fonts/type1/public/cm-super/sfrm1200.pfb></usr/local/te
xlive/2012/texmf-dist/fonts/type1/public/cm-super/sfrm1728.pfb></usr/local/texl
ive/2012/texmf-dist/fonts/type1/public/cm-super/sfti1200.pfb></usr/local/texliv
e/2012/texmf-dist/fonts/type1/public/cm-super/sftt1440.pfb></usr/local/texlive/
2012/texmf-dist/fonts/type1/public/xypic/xyatip10.pfb></usr/local/texlive/2012/
texmf-dist/fonts/type1/public/xypic/xybtip10.pfb>
Output written on Main.pdf (53 pages, 1154973 bytes).
PDF statistics:
 632 PDF objects out of 1000 (max. 8388607)
 396 compressed objects within 4 object streams
 0 named destinations out of 1000 (max. 500000)
 347 words of extra memory for PDF output out of 10000 (max. 10000000)

